<?xml version="1.0" encoding="UTF-8"?>
<!-- Generated by org.testng.reporters.JUnitReportReporter -->
<testsuite hostname="LAPTOP-RS4KINJ1" failures="0" tests="1" name="cucumber.TestRunner.TestRunner" time="133.400" errors="0" timestamp="07 Aug 2019 00:44:34 GMT" skipped="0">
  <testcase classname="cucumber.TestRunner.TestRunner" name="feature" time="133.400"/>
</testsuite> <!-- cucumber.TestRunner.TestRunner -->
