<?xml version="1.0" encoding="UTF-8"?>
<!-- Generated by org.testng.reporters.JUnitReportReporter -->
<testsuite hostname="LAPTOP-RS4KINJ1" failures="0" tests="1" name="cucumber.TestRunner.TestRunner" time="43.248" errors="0" timestamp="08 Aug 2019 09:42:42 GMT" skipped="0">
  <testcase classname="cucumber.TestRunner.TestRunner" name="feature" time="43.248"/>
</testsuite> <!-- cucumber.TestRunner.TestRunner -->
